<?xml version="1.0" encoding="UTF-8"?>
<!-- Generated by org.testng.reporters.JUnitReportReporter -->
<testsuite hostname="SUDHIRKRISHNA" name="scripts.Testlogout_gmail" tests="1" failures="0" timestamp="27 Aug 2019 07:24:48 GMT" time="22.895" errors="0">
  <testcase name="logout" time="22.895" classname="scripts.Testlogout_gmail"/>
</testsuite> <!-- scripts.Testlogout_gmail -->
