<?xml version="1.0" encoding="UTF-8"?>
<!-- Generated by org.testng.reporters.JUnitReportReporter -->
<testsuite hostname="SUDHIRKRISHNA" name="scripts.Testlogin_gmail" tests="1" failures="0" timestamp="27 Aug 2019 07:24:48 GMT" time="43.600" errors="0">
  <testcase name="login_gmail" time="43.600" classname="scripts.Testlogin_gmail"/>
</testsuite> <!-- scripts.Testlogin_gmail -->
