<?xml version="1.0" encoding="UTF-8"?>
<!-- Generated by org.testng.reporters.JUnitReportReporter -->
<testsuite hostname="SUDHIRKRISHNA" name="flip.generic_libraries.Property_file" tests="1" failures="0" timestamp="23 Aug 2019 07:58:35 GMT" time="0.012" errors="0">
  <testcase name="getData" time="0.012" classname="flip.generic_libraries.Property_file"/>
</testsuite> <!-- flip.generic_libraries.Property_file -->
