<?xml version="1.0" encoding="UTF-8"?>
<!-- Generated by org.testng.reporters.JUnitReportReporter -->
<testsuite hostname="SUDHIRKRISHNA" name="flip.generic_libraries.Extenttt" tests="1" failures="0" timestamp="26 Aug 2019 08:26:01 GMT" time="0.513" errors="0">
  <testcase name="test1" time="0.513" classname="flip.generic_libraries.Extenttt"/>
</testsuite> <!-- flip.generic_libraries.Extenttt -->
